<?xml version="1.0" encoding="UTF-8"?>
<!-- Generated by org.testng.reporters.JUnitReportReporter -->
<testsuite skipped="0" hostname="THIAGADESK" name="crm.Test1" tests="1" failures="0" timestamp="2020-02-19T01:32:06 IST" time="2.820" errors="0">
  <testcase name="testCase1" time="2.820" classname="crm.Test1"/>
</testsuite> <!-- crm.Test1 -->
