<?xml version="1.0" encoding="UTF-8"?>
<!-- Generated by org.testng.reporters.JUnitReportReporter -->
<testsuite skipped="0" hostname="THIAGA" name="servicenow_with_base.PostIncident" tests="1" failures="0" timestamp="2019-12-29T12:09:24 IST" time="5.989" errors="0">
  <testcase name="createIncident" time="5.989" classname="servicenow_with_base.PostIncident"/>
  <system-out/>
</testsuite> <!-- servicenow_with_base.PostIncident -->
