<?xml version="1.0" encoding="UTF-8"?>
<!-- Generated by org.testng.reporters.JUnitReportReporter -->
<testsuite skipped="0" hostname="THIAGA" name="servicenow.PostIncident_Dataprovider" tests="4" failures="0" timestamp="2019-12-29T10:24:03 IST" time="24.526" errors="0">
  <testcase name="createCR" time="7.085" classname="servicenow.PostIncident_Dataprovider"/>
  <system-out/>
  <testcase name="createCR" time="5.182" classname="servicenow.PostIncident_Dataprovider"/>
  <system-out/>
  <testcase name="createCR" time="7.084" classname="servicenow.PostIncident_Dataprovider"/>
  <system-out/>
  <testcase name="createCR" time="5.175" classname="servicenow.PostIncident_Dataprovider"/>
  <system-out/>
</testsuite> <!-- servicenow.PostIncident_Dataprovider -->
