<?xml version="1.0" encoding="UTF-8"?>
<!-- Generated by org.testng.reporters.JUnitReportReporter -->
<testsuite skipped="0" hostname="THIAGA" name="servicenow.PostIncident" tests="1" failures="0" timestamp="2019-12-29T10:20:38 IST" time="7.373" errors="0">
  <testcase name="getAllIncidents" time="7.373" classname="servicenow.PostIncident"/>
  <system-out/>
</testsuite> <!-- servicenow.PostIncident -->
