<?xml version="1.0" encoding="UTF-8"?>
<!-- Generated by org.testng.reporters.JUnitReportReporter -->
<testsuite skipped="0" hostname="THIAGA" name="servicenow.GetAllIncidents" tests="1" failures="0" timestamp="2019-12-28T11:15:41 IST" time="7.814" errors="0">
  <testcase name="getAllIncidents" time="7.814" classname="servicenow.GetAllIncidents"/>
  <system-out/>
</testsuite> <!-- servicenow.GetAllIncidents -->
