<?xml version="1.0" encoding="UTF-8"?>
<!-- Generated by org.testng.reporters.JUnitReportReporter -->
<testsuite skipped="0" hostname="THIAGA" name="jira.CreateIssue" tests="1" failures="0" timestamp="2019-12-29T01:04:49 IST" time="3.636" errors="0">
  <testcase name="createIssue" time="3.636" classname="jira.CreateIssue"/>
  <system-out/>
</testsuite> <!-- jira.CreateIssue -->
