<?xml version="1.0" encoding="UTF-8"?>
<!-- Generated by org.testng.reporters.JUnitReportReporter -->
<testsuite skipped="0" hostname="THIAGA" name="servicenow.GetAllIncidents_XML" tests="1" failures="0" timestamp="2019-12-28T12:32:04 IST" time="24.574" errors="0">
  <testcase name="getAllIncidents" time="24.574" classname="servicenow.GetAllIncidents_XML"/>
  <system-out/>
</testsuite> <!-- servicenow.GetAllIncidents_XML -->
