<?xml version="1.0" encoding="UTF-8"?>
<!-- Generated by org.testng.reporters.JUnitReportReporter -->
<testsuite skipped="0" hostname="THIAGA" name="jira.GetAllIssues" tests="1" failures="0" timestamp="2019-12-29T10:26:50 IST" time="3.032" errors="0">
  <testcase name="getAllIssues" time="3.032" classname="jira.GetAllIssues"/>
  <system-out/>
</testsuite> <!-- jira.GetAllIssues -->
