<?xml version="1.0" encoding="UTF-8"?>
<!-- Generated by org.testng.reporters.JUnitReportReporter -->
<testsuite skipped="0" hostname="THIAGA" name="jira.DeleteIssue" tests="1" failures="0" timestamp="2019-12-29T10:27:33 IST" time="2.334" errors="0">
  <testcase name="deleteIssue" time="2.334" classname="jira.DeleteIssue"/>
  <system-out/>
</testsuite> <!-- jira.DeleteIssue -->
